Wed Nov 25 12:51:42 BRST 2015 : Apache Derby Network Server - 10.10.2.0 - (1582446) started and ready to accept connections on port 1527
----------------------------------------------------------------
Wed Nov 25 12:51:51 BRST 2015:
Booting Derby version The Apache Software Foundation - Apache Derby - 10.10.2.0 - (1582446): instance a816c00e-0151-3f20-f168-000039ad277b 
on database directory C:\Users\Vicmc12\Dropbox\ProjetoProgramacao\db\ProjLp2 with class loader sun.misc.Launcher$AppClassLoader@e53b93 
Loaded from file:/C:/Program%20Files%20(x86)/glassfish4/javadb/lib/derby.jar
java.vendor=Oracle Corporation
java.runtime.version=1.8.0_45-b14
user.dir=C:\Program Files (x86)\glassfish4\javadb
os.name=Windows 8.1
os.arch=x86
os.version=6.3
derby.system.home=C:\Users\Vicmc12\Dropbox\ProjetoProgramacao\db
Database Class Loader started - derby.database.classpath=''
----------------------------------------------------------------
Wed Nov 25 14:05:22 BRST 2015: Shutting down Derby engine
----------------------------------------------------------------
Wed Nov 25 14:05:22 BRST 2015:
Shutting down instance a816c00e-0151-3f20-f168-000039ad277b on database directory C:\Users\Vicmc12\Dropbox\ProjetoProgramacao\db\ProjLp2 with class loader sun.misc.Launcher$AppClassLoader@e53b93 
----------------------------------------------------------------
